d:\qt_project\voice_chat\vs_chart\vc_chart\my_vs_chart\debug\my_vs_chart.pch
d:\qt_project\voice_chat\vs_chart\vc_chart\my_vs_chart\debug\vc140.pdb
d:\qt_project\voice_chat\vs_chart\vc_chart\my_vs_chart\debug\vc140.idb
d:\qt_project\voice_chat\vs_chart\vc_chart\my_vs_chart\debug\stdafx.obj
d:\qt_project\voice_chat\vs_chart\vc_chart\my_vs_chart\debug\eimchatingwaiter.obj
d:\qt_project\voice_chat\vs_chart\vc_chart\my_vs_chart\debug\stdemdef.obj
d:\qt_project\voice_chat\vs_chart\vc_chart\my_vs_chart\debug\em_recvchat.obj
d:\qt_project\voice_chat\vs_chart\vc_chart\my_vs_chart\debug\em_sendchat.obj
d:\qt_project\voice_chat\vs_chart\vc_chart\my_vs_chart\debug\msgreceiver.obj
d:\qt_project\voice_chat\vs_chart\vc_chart\my_vs_chart\debug\my_vs_chart.obj
d:\qt_project\voice_chat\vs_chart\vc_chart\my_vs_chart\debug\my_vs_chartdlg.obj
d:\qt_project\voice_chat\vs_chart\vc_chart\my_vs_chart\debug\send_chart.obj
d:\qt_project\voice_chat\vs_chart\vc_chart\my_vs_chart\debug\wavein.obj
d:\qt_project\voice_chat\vs_chart\vc_chart\my_vs_chart\debug\waveout.obj
d:\qt_project\voice_chat\vs_chart\vc_chart\debug\my_vs_chart.ilk
d:\qt_project\voice_chat\vs_chart\vc_chart\debug\my_vs_chart.exe
d:\qt_project\voice_chat\vs_chart\vc_chart\debug\my_vs_chart.pdb
d:\qt_project\voice_chat\vs_chart\vc_chart\my_vs_chart\debug\my_vs_chart.res
d:\qt_project\voice_chat\vs_chart\vc_chart\my_vs_chart\debug\my_vs_chart.tlog\cl.command.1.tlog
d:\qt_project\voice_chat\vs_chart\vc_chart\my_vs_chart\debug\my_vs_chart.tlog\cl.read.1.tlog
d:\qt_project\voice_chat\vs_chart\vc_chart\my_vs_chart\debug\my_vs_chart.tlog\cl.write.1.tlog
d:\qt_project\voice_chat\vs_chart\vc_chart\my_vs_chart\debug\my_vs_chart.tlog\link.command.1.tlog
d:\qt_project\voice_chat\vs_chart\vc_chart\my_vs_chart\debug\my_vs_chart.tlog\link.read.1.tlog
d:\qt_project\voice_chat\vs_chart\vc_chart\my_vs_chart\debug\my_vs_chart.tlog\link.write.1.tlog
d:\qt_project\voice_chat\vs_chart\vc_chart\my_vs_chart\debug\my_vs_chart.tlog\rc.command.1.tlog
d:\qt_project\voice_chat\vs_chart\vc_chart\my_vs_chart\debug\my_vs_chart.tlog\rc.read.1.tlog
d:\qt_project\voice_chat\vs_chart\vc_chart\my_vs_chart\debug\my_vs_chart.tlog\rc.write.1.tlog
