d:\qt_project\voice_chat\vs_chart\vc_chart\my_vs_chart\release\my_vs_chart.pch
d:\qt_project\voice_chat\vs_chart\vc_chart\my_vs_chart\release\vc140.pdb
d:\qt_project\voice_chat\vs_chart\vc_chart\my_vs_chart\release\stdafx.obj
d:\qt_project\voice_chat\vs_chart\vc_chart\my_vs_chart\release\waveout.obj
d:\qt_project\voice_chat\vs_chart\vc_chart\my_vs_chart\release\wavein.obj
d:\qt_project\voice_chat\vs_chart\vc_chart\my_vs_chart\release\send_chart.obj
d:\qt_project\voice_chat\vs_chart\vc_chart\my_vs_chart\release\my_vs_chartdlg.obj
d:\qt_project\voice_chat\vs_chart\vc_chart\my_vs_chart\release\my_vs_chart.obj
d:\qt_project\voice_chat\vs_chart\vc_chart\my_vs_chart\release\msgreceiver.obj
d:\qt_project\voice_chat\vs_chart\vc_chart\my_vs_chart\release\em_sendchat.obj
d:\qt_project\voice_chat\vs_chart\vc_chart\my_vs_chart\release\em_recvchat.obj
d:\qt_project\voice_chat\vs_chart\vc_chart\my_vs_chart\release\stdemdef.obj
d:\qt_project\voice_chat\vs_chart\vc_chart\my_vs_chart\release\eimchatingwaiter.obj
d:\qt_project\voice_chat\vs_chart\vc_chart\my_vs_chart\release\real_fft.obj
d:\qt_project\voice_chat\vs_chart\vc_chart\my_vs_chart\release\ns_core.obj
d:\qt_project\voice_chat\vs_chart\vc_chart\my_vs_chart\release\nsx_core_neon_offsets.obj
d:\qt_project\voice_chat\vs_chart\vc_chart\my_vs_chart\release\nsx_core_c.obj
d:\qt_project\voice_chat\vs_chart\vc_chart\my_vs_chart\release\nsx_core.obj
d:\qt_project\voice_chat\vs_chart\vc_chart\my_vs_chart\release\noise_suppression_x.obj
d:\qt_project\voice_chat\vs_chart\vc_chart\my_vs_chart\release\noise_suppression.obj
d:\qt_project\voice_chat\vs_chart\vc_chart\my_vs_chart\release\min_max_operations.obj
d:\qt_project\voice_chat\vs_chart\vc_chart\my_vs_chart\release\get_scaling_square.obj
d:\qt_project\voice_chat\vs_chart\vc_chart\my_vs_chart\release\fft4g.obj
d:\qt_project\voice_chat\vs_chart\vc_chart\my_vs_chart\release\energy.obj
d:\qt_project\voice_chat\vs_chart\vc_chart\my_vs_chart\release\downsample_fast.obj
d:\qt_project\voice_chat\vs_chart\vc_chart\my_vs_chart\release\dot_product_with_scale.obj
d:\qt_project\voice_chat\vs_chart\vc_chart\my_vs_chart\release\division_operations.obj
d:\qt_project\voice_chat\vs_chart\vc_chart\my_vs_chart\release\digital_agc.obj
d:\qt_project\voice_chat\vs_chart\vc_chart\my_vs_chart\release\cross_correlation.obj
d:\qt_project\voice_chat\vs_chart\vc_chart\my_vs_chart\release\copy_set_operations.obj
d:\qt_project\voice_chat\vs_chart\vc_chart\my_vs_chart\release\complex_fft.obj
d:\qt_project\voice_chat\vs_chart\vc_chart\my_vs_chart\release\complex_bit_reverse.obj
d:\qt_project\voice_chat\vs_chart\vc_chart\my_vs_chart\release\analog_agc.obj
d:\qt_project\voice_chat\vs_chart\vc_chart\my_vs_chart\release\vector_scaling_operations.obj
d:\qt_project\voice_chat\vs_chart\vc_chart\my_vs_chart\release\spl_sqrt_floor.obj
d:\qt_project\voice_chat\vs_chart\vc_chart\my_vs_chart\release\spl_sqrt.obj
d:\qt_project\voice_chat\vs_chart\vc_chart\my_vs_chart\release\spl_init.obj
d:\qt_project\voice_chat\vs_chart\vc_chart\my_vs_chart\release\splitting_filter.obj
d:\qt_project\voice_chat\vs_chart\vc_chart\my_vs_chart\release\ring_buffer.obj
d:\qt_project\voice_chat\vs_chart\vc_chart\my_vs_chart\release\resample_by_2_mips.obj
d:\qt_project\voice_chat\vs_chart\vc_chart\my_vs_chart\release\resample_by_2_internal.obj
d:\qt_project\voice_chat\vs_chart\vc_chart\my_vs_chart\release\resample_by_2.obj
d:\qt_project\voice_chat\vs_chart\vc_chart\my_vs_chart\release\resample_48khz.obj
d:\qt_project\voice_chat\vs_chart\vc_chart\my_vs_chart\release\resample.obj
d:\qt_project\voice_chat\vs_chart\vc_chart\my_vs_chart\release\my_vs_chart.tlog\cl.command.1.tlog
d:\qt_project\voice_chat\vs_chart\vc_chart\my_vs_chart\release\my_vs_chart.tlog\cl.read.1.tlog
d:\qt_project\voice_chat\vs_chart\vc_chart\my_vs_chart\release\my_vs_chart.tlog\cl.write.1.tlog
